# JRE version: OpenJDK Runtime Environment (8.0_265-b01) (build 1.8.0_265-8u265-b01-0ubuntu2~16.04-b01)
# Java VM: OpenJDK 64-Bit Server VM (25.265-b01 mixed mode linux-amd64 compressed oops)
Heap:
 PSYoungGen      total 2447360K, used 0K [0x0000000719580000, 0x00000007c0000000, 0x00000007c0000000)
  eden space 2165248K, 0% used [0x0000000719580000,0x0000000719580000,0x000000079d800000)
  from space 282112K, 0% used [0x00000007aec80000,0x00000007aec80000,0x00000007c0000000)
  to   space 282624K, 0% used [0x000000079d800000,0x000000079d800000,0x00000007aec00000)
 ParOldGen       total 1176064K, used 1165590K [0x00000005cc000000, 0x0000000613c80000, 0x0000000719580000)
  object space 1176064K, 99% used [0x00000005cc000000,0x0000000613245b28,0x0000000613c80000)
 Metaspace       used 11148K, capacity 11308K, committed 11392K, reserved 1058816K
  class space    used 1303K, capacity 1363K, committed 1408K, reserved 1048576K
GC Heap History (10 events):
Event: 5483.070 GC heap after
Heap after GC invocations=314 (full 4):
 PSYoungGen      total 2447872K, used 277568K [0x0000000719580000, 0x00000007bff80000, 0x00000007c0000000)
  eden space 2165760K, 0% used [0x0000000719580000,0x0000000719580000,0x000000079d880000)
  from space 282112K, 98% used [0x00000007aec00000,0x00000007bfb10000,0x00000007bff80000)
  to   space 282112K, 0% used [0x000000079d880000,0x000000079d880000,0x00000007aec00000)
 ParOldGen       total 1176064K, used 1162720K [0x00000005cc000000, 0x0000000613c80000, 0x0000000719580000)
  object space 1176064K, 98% used [0x00000005cc000000,0x0000000612f78080,0x0000000613c80000)
 Metaspace       used 11148K, capacity 11308K, committed 11392K, reserved 1058816K
  class space    used 1303K, capacity 1363K, committed 1408K, reserved 1048576K
}
Event: 5502.567 GC heap before
{Heap before GC invocations=315 (full 4):
 PSYoungGen      total 2447872K, used 2443328K [0x0000000719580000, 0x00000007bff80000, 0x00000007c0000000)
  eden space 2165760K, 100% used [0x0000000719580000,0x000000079d880000,0x000000079d880000)
  from space 282112K, 98% used [0x00000007aec00000,0x00000007bfb10000,0x00000007bff80000)
  to   space 282112K, 0% used [0x000000079d880000,0x000000079d880000,0x00000007aec00000)
 ParOldGen       total 1176064K, used 1162720K [0x00000005cc000000, 0x0000000613c80000, 0x0000000719580000)
  object space 1176064K, 98% used [0x00000005cc000000,0x0000000612f78080,0x0000000613c80000)
 Metaspace       used 11148K, capacity 11308K, committed 11392K, reserved 1058816K
  class space    used 1303K, capacity 1363K, committed 1408K, reserved 1048576K
Event: 5503.684 GC heap after
Heap after GC invocations=315 (full 4):
 PSYoungGen      total 2447872K, used 277952K [0x0000000719580000, 0x00000007c0000000, 0x00000007c0000000)
  eden space 2165760K, 0% used [0x0000000719580000,0x0000000719580000,0x000000079d880000)
  from space 282112K, 98% used [0x000000079d880000,0x00000007ae7f0000,0x00000007aec00000)
  to   space 282112K, 0% used [0x00000007aec80000,0x00000007aec80000,0x00000007c0000000)
 ParOldGen       total 1176064K, used 1165520K [0x00000005cc000000, 0x0000000613c80000, 0x0000000719580000)
  object space 1176064K, 99% used [0x00000005cc000000,0x0000000613234080,0x0000000613c80000)
 Metaspace       used 11148K, capacity 11308K, committed 11392K, reserved 1058816K
  class space    used 1303K, capacity 1363K, committed 1408K, reserved 1048576K
}
Event: 5522.878 GC heap before
{Heap before GC invocations=316 (full 4):
 PSYoungGen      total 2447872K, used 2443712K [0x0000000719580000, 0x00000007c0000000, 0x00000007c0000000)
  eden space 2165760K, 100% used [0x0000000719580000,0x000000079d880000,0x000000079d880000)
  from space 282112K, 98% used [0x000000079d880000,0x00000007ae7f0000,0x00000007aec00000)
  to   space 282112K, 0% used [0x00000007aec80000,0x00000007aec80000,0x00000007c0000000)
 ParOldGen       total 1176064K, used 1165520K [0x00000005cc000000, 0x0000000613c80000, 0x0000000719580000)
  object space 1176064K, 99% used [0x00000005cc000000,0x0000000613234080,0x0000000613c80000)
 Metaspace       used 11148K, capacity 11308K, committed 11392K, reserved 1058816K
  class space    used 1303K, capacity 1363K, committed 1408K, reserved 1048576K
Event: 5523.701 GC heap after
Heap after GC invocations=316 (full 4):
 PSYoungGen      total 2447360K, used 276288K [0x0000000719580000, 0x00000007bff00000, 0x00000007c0000000)
  eden space 2166272K, 0% used [0x0000000719580000,0x0000000719580000,0x000000079d900000)
  from space 281088K, 98% used [0x00000007aec80000,0x00000007bfa50000,0x00000007bff00000)
  to   space 281600K, 0% used [0x000000079d900000,0x000000079d900000,0x00000007aec00000)
 ParOldGen       total 1176064K, used 1168280K [0x00000005cc000000, 0x0000000613c80000, 0x0000000719580000)
  object space 1176064K, 99% used [0x00000005cc000000,0x00000006134e6080,0x0000000613c80000)
 Metaspace       used 11148K, capacity 11308K, committed 11392K, reserved 1058816K
  class space    used 1303K, capacity 1363K, committed 1408K, reserved 1048576K
}
Event: 5543.034 GC heap before
{Heap before GC invocations=317 (full 4):
 PSYoungGen      total 2447360K, used 2442560K [0x0000000719580000, 0x00000007bff00000, 0x00000007c0000000)
  eden space 2166272K, 100% used [0x0000000719580000,0x000000079d900000,0x000000079d900000)
  from space 281088K, 98% used [0x00000007aec80000,0x00000007bfa50000,0x00000007bff00000)
  to   space 281600K, 0% used [0x000000079d900000,0x000000079d900000,0x00000007aec00000)
 ParOldGen       total 1176064K, used 1168280K [0x00000005cc000000, 0x0000000613c80000, 0x0000000719580000)
  object space 1176064K, 99% used [0x00000005cc000000,0x00000006134e6080,0x0000000613c80000)
 Metaspace       used 11148K, capacity 11308K, committed 11392K, reserved 1058816K
  class space    used 1303K, capacity 1363K, committed 1408K, reserved 1048576K
Event: 5543.804 GC heap after
Heap after GC invocations=317 (full 4):
 PSYoungGen      total 2447872K, used 279008K [0x0000000719580000, 0x00000007c0000000, 0x00000007c0000000)
  eden space 2166272K, 0% used [0x0000000719580000,0x0000000719580000,0x000000079d900000)
  from space 281600K, 99% used [0x000000079d900000,0x00000007ae978000,0x00000007aec00000)
  to   space 282112K, 0% used [0x00000007aec80000,0x00000007aec80000,0x00000007c0000000)
 ParOldGen       total 1176064K, used 1171096K [0x00000005cc000000, 0x0000000613c80000, 0x0000000719580000)
  object space 1176064K, 99% used [0x00000005cc000000,0x00000006137a6080,0x0000000613c80000)
 Metaspace       used 11148K, capacity 11308K, committed 11392K, reserved 1058816K
  class space    used 1303K, capacity 1363K, committed 1408K, reserved 1048576K
}
Event: 5561.244 GC heap before
{Heap before GC invocations=318 (full 4):
 PSYoungGen      total 2447872K, used 2445280K [0x0000000719580000, 0x00000007c0000000, 0x00000007c0000000)
  eden space 2166272K, 100% used [0x0000000719580000,0x000000079d900000,0x000000079d900000)
  from space 281600K, 99% used [0x000000079d900000,0x00000007ae978000,0x00000007aec00000)
  to   space 282112K, 0% used [0x00000007aec80000,0x00000007aec80000,0x00000007c0000000)
 ParOldGen       total 1176064K, used 1171096K [0x00000005cc000000, 0x0000000613c80000, 0x0000000719580000)
  object space 1176064K, 99% used [0x00000005cc000000,0x00000006137a6080,0x0000000613c80000)
 Metaspace       used 11148K, capacity 11308K, committed 11392K, reserved 1058816K
  class space    used 1303K, capacity 1363K, committed 1408K, reserved 1048576K
Event: 5562.095 GC heap after
Heap after GC invocations=318 (full 4):
 PSYoungGen      total 2447360K, used 269280K [0x0000000719580000, 0x00000007c0000000, 0x00000007c0000000)
  eden space 2165248K, 0% used [0x0000000719580000,0x0000000719580000,0x000000079d800000)
  from space 282112K, 95% used [0x00000007aec80000,0x00000007bf378000,0x00000007c0000000)
  to   space 282624K, 0% used [0x000000079d800000,0x000000079d800000,0x00000007aec00000)
 ParOldGen       total 1176064K, used 1173880K [0x00000005cc000000, 0x0000000613c80000, 0x0000000719580000)
  object space 1176064K, 99% used [0x00000005cc000000,0x0000000613a5e080,0x0000000613c80000)
 Metaspace       used 11148K, capacity 11308K, committed 11392K, reserved 1058816K
  class space    used 1303K, capacity 1363K, committed 1408K, reserved 1048576K
}
Event: 5562.095 GC heap before
{Heap before GC invocations=319 (full 5):
 PSYoungGen      total 2447360K, used 269280K [0x0000000719580000, 0x00000007c0000000, 0x00000007c0000000)
  eden space 2165248K, 0% used [0x0000000719580000,0x0000000719580000,0x000000079d800000)
  from space 282112K, 95% used [0x00000007aec80000,0x00000007bf378000,0x00000007c0000000)
  to   space 282624K, 0% used [0x000000079d800000,0x000000079d800000,0x00000007aec00000)
 ParOldGen       total 1176064K, used 1173880K [0x00000005cc000000, 0x0000000613c80000, 0x0000000719580000)
  object space 1176064K, 99% used [0x00000005cc000000,0x0000000613a5e080,0x0000000613c80000)
 Metaspace       used 11148K, capacity 11308K, committed 11392K, reserved 1058816K
  class space    used 1303K, capacity 1363K, committed 1408K, reserved 1048576K

